<?xml version="1.0" encoding="UTF-8"?>
<testsuite name="com.homelab.nosqldemo.RedisRepositoryTest" tests="1" skipped="0" failures="0" errors="0" timestamp="2023-05-21T16:05:07" hostname="SC-RJ2HMWK7MV" time="4.486">
  <properties/>
  <testcase name="inserts 10_000 books()" classname="com.homelab.nosqldemo.RedisRepositoryTest" time="4.486"/>
  <system-out><![CDATA[Start
2023-05-21T18:05:08.221+02:00[Europe/Madrid]
End
2023-05-21T18:05:11.921+02:00[Europe/Madrid]
]]></system-out>
  <system-err><![CDATA[SLF4J: No SLF4J providers were found.
SLF4J: Defaulting to no-operation (NOP) logger implementation
SLF4J: See https://www.slf4j.org/codes.html#noProviders for further details.
]]></system-err>
</testsuite>
